2025-02-13T00:40:45.920149+00:00 WARNING 'ansible_navigator.image_manager.puller._log_message' Image inspection failed, image assumed to be corrupted or missing
2025-02-13T00:40:45.921034+00:00 WARNING 'ansible_navigator.image_manager.puller._log_message' stdout: []

2025-02-13T00:40:45.921079+00:00 WARNING 'ansible_navigator.image_manager.puller._log_message' stderr: Error: unable to inspect "ghcr.io/ansible/creator-ee:v0.22.0": failed to find image ghcr.io/ansible/creator-ee:v0.22.0: ghcr.io/ansible/creator-ee:v0.22.0: image not known

2025-02-13T00:40:50.006367+00:00 ERROR 'ansible_navigator.image_manager.puller._log_message' Execution environment pull failed
2025-02-13T00:41:34.177171+00:00 INFO 'ansible_navigator.setup_logger' New ansible-navigator instance, logging initialized
2025-02-13T00:41:34.177530+00:00 INFO 'ansible_navigator.setup_logger' New ansible-runner instance, logging initialized
2025-02-13T00:41:34.177558+00:00 DEBUG 'ansible_navigator.main' Jinja2==3.1.5 
2025-02-13T00:41:34.177579+00:00 DEBUG 'ansible_navigator.main' MarkupSafe==3.0.2 
2025-02-13T00:41:34.177596+00:00 DEBUG 'ansible_navigator.main' Parsley==1.3 
2025-02-13T00:41:34.177612+00:00 DEBUG 'ansible_navigator.main' PyYAML==6.0.2 
2025-02-13T00:41:34.177627+00:00 DEBUG 'ansible_navigator.main' Pygments==2.19.1 
2025-02-13T00:41:34.177642+00:00 DEBUG 'ansible_navigator.main' ansible-builder==3.1.0 
2025-02-13T00:41:34.177656+00:00 DEBUG 'ansible_navigator.main' ansible-compat==24.10.0 
2025-02-13T00:41:34.177671+00:00 DEBUG 'ansible_navigator.main' ansible-core==2.15.13 
2025-02-13T00:41:34.177685+00:00 DEBUG 'ansible_navigator.main' ansible-lint==6.22.2 
2025-02-13T00:41:34.177700+00:00 DEBUG 'ansible_navigator.main' ansible-navigator==24.2.0 
2025-02-13T00:41:34.177715+00:00 DEBUG 'ansible_navigator.main' ansible-runner==2.4.0 
2025-02-13T00:41:34.177729+00:00 DEBUG 'ansible_navigator.main' ansible==8.7.0 /Users/awestlak/myvenv/lib/python3.9/site-packages/ansible/__init__.py
2025-02-13T00:41:34.177744+00:00 DEBUG 'ansible_navigator.main' attrs==25.1.0 /Users/awestlak/myvenv/lib/python3.9/site-packages/attrs/__init__.py
2025-02-13T00:41:34.177757+00:00 DEBUG 'ansible_navigator.main' bindep==2.12.0 /Users/awestlak/myvenv/lib/python3.9/site-packages/bindep/__init__.py
2025-02-13T00:41:34.177772+00:00 DEBUG 'ansible_navigator.main' black==25.1.0 /Users/awestlak/myvenv/lib/python3.9/site-packages/black/__init__.cpython-39-darwin.so
2025-02-13T00:41:34.177786+00:00 DEBUG 'ansible_navigator.main' bracex==2.5.post1 /Users/awestlak/myvenv/lib/python3.9/site-packages/bracex/__init__.py
2025-02-13T00:41:34.177800+00:00 DEBUG 'ansible_navigator.main' cffi==1.17.1 /Users/awestlak/myvenv/lib/python3.9/site-packages/cffi/__init__.py
2025-02-13T00:41:34.177813+00:00 DEBUG 'ansible_navigator.main' click==8.1.8 /Users/awestlak/myvenv/lib/python3.9/site-packages/click/__init__.py
2025-02-13T00:41:34.177827+00:00 DEBUG 'ansible_navigator.main' cryptography==44.0.0 /Users/awestlak/myvenv/lib/python3.9/site-packages/cryptography/__init__.py
2025-02-13T00:41:34.177841+00:00 DEBUG 'ansible_navigator.main' distro==1.9.0 /Users/awestlak/myvenv/lib/python3.9/site-packages/distro/__init__.py
2025-02-13T00:41:34.177855+00:00 DEBUG 'ansible_navigator.main' filelock==3.17.0 /Users/awestlak/myvenv/lib/python3.9/site-packages/filelock/__init__.py
2025-02-13T00:41:34.177869+00:00 DEBUG 'ansible_navigator.main' importlib-metadata==6.2.1 
2025-02-13T00:41:34.177884+00:00 DEBUG 'ansible_navigator.main' importlib-resources==5.0.7 
2025-02-13T00:41:34.177899+00:00 DEBUG 'ansible_navigator.main' jsonschema-specifications==2024.10.1 
2025-02-13T00:41:34.177913+00:00 DEBUG 'ansible_navigator.main' jsonschema==4.23.0 /Users/awestlak/myvenv/lib/python3.9/site-packages/jsonschema/__init__.py
2025-02-13T00:41:34.177927+00:00 DEBUG 'ansible_navigator.main' lockfile==0.12.2 /Users/awestlak/myvenv/lib/python3.9/site-packages/lockfile/__init__.py
2025-02-13T00:41:34.177941+00:00 DEBUG 'ansible_navigator.main' markdown-it-py==3.0.0 
2025-02-13T00:41:34.177954+00:00 DEBUG 'ansible_navigator.main' mdurl==0.1.2 /Users/awestlak/myvenv/lib/python3.9/site-packages/mdurl/__init__.py
2025-02-13T00:41:34.177978+00:00 DEBUG 'ansible_navigator.main' mypy-extensions==1.0.0 
2025-02-13T00:41:34.177992+00:00 DEBUG 'ansible_navigator.main' onigurumacffi==1.4.1 /Users/awestlak/myvenv/lib/python3.9/site-packages/onigurumacffi.py
2025-02-13T00:41:34.178005+00:00 DEBUG 'ansible_navigator.main' packaging==24.2 /Users/awestlak/myvenv/lib/python3.9/site-packages/packaging/__init__.py
2025-02-13T00:41:34.178018+00:00 DEBUG 'ansible_navigator.main' pathspec==0.12.1 /Users/awestlak/myvenv/lib/python3.9/site-packages/pathspec/__init__.py
2025-02-13T00:41:34.178030+00:00 DEBUG 'ansible_navigator.main' pbr==6.1.1 /Users/awestlak/myvenv/lib/python3.9/site-packages/pbr/__init__.py
2025-02-13T00:41:34.178042+00:00 DEBUG 'ansible_navigator.main' pexpect==4.9.0 /Users/awestlak/myvenv/lib/python3.9/site-packages/pexpect/__init__.py
2025-02-13T00:41:34.178054+00:00 DEBUG 'ansible_navigator.main' pip==22.0.4 /Users/awestlak/myvenv/lib/python3.9/site-packages/pip/__init__.py
2025-02-13T00:41:34.178067+00:00 DEBUG 'ansible_navigator.main' platformdirs==4.3.6 /Users/awestlak/myvenv/lib/python3.9/site-packages/platformdirs/__init__.py
2025-02-13T00:41:34.178079+00:00 DEBUG 'ansible_navigator.main' ptyprocess==0.7.0 /Users/awestlak/myvenv/lib/python3.9/site-packages/ptyprocess/__init__.py
2025-02-13T00:41:34.178091+00:00 DEBUG 'ansible_navigator.main' pycparser==2.22 /Users/awestlak/myvenv/lib/python3.9/site-packages/pycparser/__init__.py
2025-02-13T00:41:34.178105+00:00 DEBUG 'ansible_navigator.main' python-daemon==3.1.2 
2025-02-13T00:41:34.178118+00:00 DEBUG 'ansible_navigator.main' referencing==0.36.2 /Users/awestlak/myvenv/lib/python3.9/site-packages/referencing/__init__.py
2025-02-13T00:41:34.178132+00:00 DEBUG 'ansible_navigator.main' resolvelib==1.0.1 /Users/awestlak/myvenv/lib/python3.9/site-packages/resolvelib/__init__.py
2025-02-13T00:41:34.178145+00:00 DEBUG 'ansible_navigator.main' rich==13.9.4 /Users/awestlak/myvenv/lib/python3.9/site-packages/rich/__init__.py
2025-02-13T00:41:34.178158+00:00 DEBUG 'ansible_navigator.main' rpds-py==0.22.3 
2025-02-13T00:41:34.178170+00:00 DEBUG 'ansible_navigator.main' ruamel.yaml.clib==0.2.12 
2025-02-13T00:41:34.178182+00:00 DEBUG 'ansible_navigator.main' ruamel.yaml==0.18.10 /Users/awestlak/myvenv/lib/python3.9/site-packages/ruamel/yaml/__init__.py
2025-02-13T00:41:34.178195+00:00 DEBUG 'ansible_navigator.main' setuptools==58.1.0 /Users/awestlak/myvenv/lib/python3.9/site-packages/setuptools/__init__.py
2025-02-13T00:41:34.178207+00:00 DEBUG 'ansible_navigator.main' subprocess-tee==0.4.2 
2025-02-13T00:41:34.178220+00:00 DEBUG 'ansible_navigator.main' tomli==2.2.1 /Users/awestlak/myvenv/lib/python3.9/site-packages/tomli/__init__.py
2025-02-13T00:41:34.178233+00:00 DEBUG 'ansible_navigator.main' typing_extensions==4.12.2 /Users/awestlak/myvenv/lib/python3.9/site-packages/typing_extensions.py
2025-02-13T00:41:34.178245+00:00 DEBUG 'ansible_navigator.main' tzdata==2025.1 /Users/awestlak/myvenv/lib/python3.9/site-packages/tzdata/__init__.py
2025-02-13T00:41:34.178258+00:00 DEBUG 'ansible_navigator.main' wcmatch==10.0 /Users/awestlak/myvenv/lib/python3.9/site-packages/wcmatch/__init__.py
2025-02-13T00:41:34.178271+00:00 DEBUG 'ansible_navigator.main' yamllint==1.35.1 /Users/awestlak/myvenv/lib/python3.9/site-packages/yamllint/__init__.py
2025-02-13T00:41:34.178285+00:00 DEBUG 'ansible_navigator.main' zipp==3.21.0 /Users/awestlak/myvenv/lib/python3.9/site-packages/zipp/__init__.py
2025-02-13T00:41:34.178298+00:00 DEBUG 'ansible_navigator.main' Default collection_doc_cache_path set to: /Users/awestlak/.cache/ansible-navigator/collection_doc_cache.db
2025-02-13T00:41:34.178312+00:00 DEBUG 'ansible_navigator.main' EDITOR environment variable not set
2025-02-13T00:41:34.178326+00:00 DEBUG 'ansible_navigator.main' Default editor_command set to: vi +{line_number} {filename}
2025-02-13T00:41:34.178339+00:00 DEBUG 'ansible_navigator.main' No config file set by ANSIBLE_NAVIGATOR_CONFIG
2025-02-13T00:41:34.178351+00:00 DEBUG 'ansible_navigator.main' Looking in /Users/awestlak
2025-02-13T00:41:34.178369+00:00 DEBUG 'ansible_navigator.main' Looking for '/Users/awestlak/.ansible-navigator.yml', '/Users/awestlak/.ansible-navigator.yaml' and '/Users/awestlak/.ansible-navigator.json'
2025-02-13T00:41:34.178382+00:00 DEBUG 'ansible_navigator.main' Found 0: 
2025-02-13T00:41:34.178395+00:00 DEBUG 'ansible_navigator.main' Looking in /Users/awestlak/Desktop/redhat-ctf
2025-02-13T00:41:34.178408+00:00 DEBUG 'ansible_navigator.main' Looking for '/Users/awestlak/Desktop/redhat-ctf/ansible-navigator.yml', '/Users/awestlak/Desktop/redhat-ctf/ansible-navigator.yaml' and '/Users/awestlak/Desktop/redhat-ctf/ansible-navigator.json'
2025-02-13T00:41:34.178421+00:00 DEBUG 'ansible_navigator.main' Found 0: 
2025-02-13T00:41:34.178434+00:00 DEBUG 'ansible_navigator.main' All found 0: 
2025-02-13T00:41:34.178447+00:00 DEBUG 'ansible_navigator.main' Using: None
2025-02-13T00:41:34.178460+00:00 DEBUG 'ansible_navigator.main' No valid settings file found, using all default values for settings.
2025-02-13T00:41:34.178472+00:00 DEBUG 'ansible_navigator.main' Command provided: 'run -m stadout playbook.yml'
2025-02-13T00:41:34.178485+00:00 DEBUG 'ansible_navigator.main' EE support enabled: using current working directory for 'ansible.cfg'
2025-02-13T00:41:34.178498+00:00 INFO 'ansible_navigator.main' EE support enabled: no 'ansible.cfg' found in current working directory. Tried /Users/awestlak/Desktop/redhat-ctf/ansible.cfg
2025-02-13T00:41:34.178511+00:00 DEBUG 'ansible_navigator.main' Completed post processing for ansible_runner_artifact_dir. (changed=False)
2025-02-13T00:41:34.178523+00:00 DEBUG 'ansible_navigator.main' Completed post processing for ansible_runner_rotate_artifacts_count. (changed=False)
2025-02-13T00:41:34.178539+00:00 DEBUG 'ansible_navigator.main' Completed post processing for ansible_runner_timeout. (changed=False)
2025-02-13T00:41:34.178551+00:00 DEBUG 'ansible_navigator.main' Completed post processing for cmdline. (changed=False)
2025-02-13T00:41:34.178564+00:00 DEBUG 'ansible_navigator.main' Completed post processing for collection_doc_cache_path. (changed=False)
2025-02-13T00:41:34.178577+00:00 DEBUG 'ansible_navigator.main' Completed post processing for container_engine. (changed=True)
2025-02-13T00:41:34.178590+00:00 DEBUG 'ansible_navigator.main'  before: 'auto'
2025-02-13T00:41:34.178602+00:00 DEBUG 'ansible_navigator.main'  after: 'podman'
2025-02-13T00:41:34.178615+00:00 DEBUG 'ansible_navigator.main' Completed post processing for container_options. (changed=False)
2025-02-13T00:41:34.178628+00:00 DEBUG 'ansible_navigator.main' Completed post processing for display_color. (changed=False)
2025-02-13T00:41:34.178640+00:00 DEBUG 'ansible_navigator.main' Completed post processing for enable_prompts. (changed=False)
2025-02-13T00:41:34.178654+00:00 DEBUG 'ansible_navigator.main' Completed post processing for execution_environment. (changed=False)
2025-02-13T00:41:34.178667+00:00 DEBUG 'ansible_navigator.main' Completed post processing for execution_environment_image. (changed=False)
2025-02-13T00:41:34.178681+00:00 DEBUG 'ansible_navigator.main' Completed post processing for help_builder. (changed=False)
2025-02-13T00:41:34.178695+00:00 DEBUG 'ansible_navigator.main' Completed post processing for help_config. (changed=False)
2025-02-13T00:41:34.178708+00:00 DEBUG 'ansible_navigator.main' Completed post processing for help_doc. (changed=False)
2025-02-13T00:41:34.178721+00:00 DEBUG 'ansible_navigator.main' Completed post processing for help_inventory. (changed=False)
2025-02-13T00:41:34.178734+00:00 DEBUG 'ansible_navigator.main' Completed post processing for help_playbook. (changed=False)
2025-02-13T00:41:34.178748+00:00 DEBUG 'ansible_navigator.main' Completed post processing for images_details. (changed=False)
2025-02-13T00:41:34.178761+00:00 DEBUG 'ansible_navigator.main' Completed post processing for inventory. (changed=False)
2025-02-13T00:41:34.178774+00:00 DEBUG 'ansible_navigator.main' Completed post processing for inventory_column. (changed=False)
2025-02-13T00:41:34.178791+00:00 DEBUG 'ansible_navigator.main' Completed post processing for log_file. (changed=False)
2025-02-13T00:41:34.178803+00:00 DEBUG 'ansible_navigator.main' Completed post processing for pass_environment_variable. (changed=False)
2025-02-13T00:41:34.178817+00:00 DEBUG 'ansible_navigator.main' Completed post processing for playbook. (changed=False)
2025-02-13T00:41:34.178830+00:00 DEBUG 'ansible_navigator.main' Completed post processing for playbook_artifact_replay. (changed=False)
2025-02-13T00:41:34.178844+00:00 DEBUG 'ansible_navigator.main' Completed post processing for playbook_artifact_save_as. (changed=False)
2025-02-13T00:41:34.178857+00:00 DEBUG 'ansible_navigator.main' Completed post processing for plugin_name. (changed=False)
2025-02-13T00:41:34.178869+00:00 DEBUG 'ansible_navigator.main' Completed post processing for pull_arguments. (changed=False)
2025-02-13T00:41:34.178882+00:00 DEBUG 'ansible_navigator.main' Completed post processing for set_environment_variable. (changed=False)
2025-02-13T00:41:34.178895+00:00 DEBUG 'ansible_navigator.main' Completed post processing for settings_effective. (changed=False)
2025-02-13T00:41:34.178907+00:00 DEBUG 'ansible_navigator.main' Completed post processing for settings_sample. (changed=False)
2025-02-13T00:41:34.178920+00:00 DEBUG 'ansible_navigator.main' Completed post processing for settings_schema. (changed=False)
2025-02-13T00:41:34.178933+00:00 DEBUG 'ansible_navigator.main' Completed post processing for settings_sources. (changed=False)
2025-02-13T00:41:34.178945+00:00 DEBUG 'ansible_navigator.main' Completed post processing for time_zone. (changed=False)
2025-02-13T00:41:34.178958+00:00 DEBUG 'ansible_navigator.main' Completed post processing for execution_environment_volume_mounts. (changed=False)
2025-02-13T00:41:34.178971+00:00 DEBUG 'ansible_navigator.main' Completed post processing for mode. (changed=False)
2025-02-13T00:41:34.178984+00:00 DEBUG 'ansible_navigator.main' Completed post processing for playbook_artifact_enable. (changed=False)
2025-02-13T00:41:34.178998+00:00 WARNING 'ansible_navigator.main' Configuration errors encountered, rolling back to previous configuration.
2025-02-13T00:41:34.179011+00:00 DEBUG 'ansible_navigator.main' Prior to rollback: ansible_runner_artifact_dir = 'Not set' (Constants/Not set)
2025-02-13T00:41:34.179025+00:00 DEBUG 'ansible_navigator.main' Prior to rollback: ansible_runner_rotate_artifacts_count = 'Not set' (Constants/Not set)
2025-02-13T00:41:34.179038+00:00 DEBUG 'ansible_navigator.main' Prior to rollback: ansible_runner_timeout = 'Not set' (Constants/Not set)
2025-02-13T00:41:34.179051+00:00 DEBUG 'ansible_navigator.main' Prior to rollback: ansible_runner_write_job_events = 'False' (bool/Defaults)
2025-02-13T00:41:34.179064+00:00 DEBUG 'ansible_navigator.main' Prior to rollback: app = 'run' (str/Command line)
2025-02-13T00:41:34.179090+00:00 DEBUG 'ansible_navigator.main' Prior to rollback: cmdline = 'Not set' (Constants/Not set)
2025-02-13T00:41:34.179106+00:00 DEBUG 'ansible_navigator.main' Prior to rollback: collection_doc_cache_path = '/Users/awestlak/.cache/ansible-navigator/collection_doc_cache.db' (str/Defaults)
2025-02-13T00:41:34.179119+00:00 DEBUG 'ansible_navigator.main' Prior to rollback: config = 'Not set' (Constants/Not set)
2025-02-13T00:41:34.179133+00:00 DEBUG 'ansible_navigator.main' Prior to rollback: container_engine = 'podman' (str/Automatically determined)
2025-02-13T00:41:34.179146+00:00 DEBUG 'ansible_navigator.main' Prior to rollback: container_options = 'Not set' (Constants/Not set)
2025-02-13T00:41:34.179159+00:00 DEBUG 'ansible_navigator.main' Prior to rollback: display_color = 'True' (bool/Defaults)
2025-02-13T00:41:34.179173+00:00 DEBUG 'ansible_navigator.main' Prior to rollback: editor_command = 'vi +{line_number} {filename}' (str/Defaults)
2025-02-13T00:41:34.179186+00:00 DEBUG 'ansible_navigator.main' Prior to rollback: editor_console = 'True' (bool/Defaults)
2025-02-13T00:41:34.179199+00:00 DEBUG 'ansible_navigator.main' Prior to rollback: enable_prompts = 'False' (bool/Defaults)
2025-02-13T00:41:34.179219+00:00 DEBUG 'ansible_navigator.main' Prior to rollback: exec_command = '/bin/bash' (str/Defaults)
2025-02-13T00:41:34.179233+00:00 DEBUG 'ansible_navigator.main' Prior to rollback: exec_shell = 'True' (bool/Defaults)
2025-02-13T00:41:34.179247+00:00 DEBUG 'ansible_navigator.main' Prior to rollback: execution_environment = 'True' (bool/Defaults)
2025-02-13T00:41:34.179260+00:00 DEBUG 'ansible_navigator.main' Prior to rollback: execution_environment_image = 'ghcr.io/ansible/creator-ee:v0.22.0' (str/Defaults)
2025-02-13T00:41:34.179274+00:00 DEBUG 'ansible_navigator.main' Prior to rollback: execution_environment_volume_mounts = 'Not set' (Constants/Not set)
2025-02-13T00:41:34.179287+00:00 DEBUG 'ansible_navigator.main' Prior to rollback: format = 'yaml' (str/Defaults)
2025-02-13T00:41:34.179302+00:00 DEBUG 'ansible_navigator.main' Prior to rollback: help_builder = 'False' (bool/Defaults)
2025-02-13T00:41:34.179315+00:00 DEBUG 'ansible_navigator.main' Prior to rollback: help_config = 'False' (bool/Defaults)
2025-02-13T00:41:34.179328+00:00 DEBUG 'ansible_navigator.main' Prior to rollback: help_doc = 'False' (bool/Defaults)
2025-02-13T00:41:34.179342+00:00 DEBUG 'ansible_navigator.main' Prior to rollback: help_inventory = 'False' (bool/Defaults)
2025-02-13T00:41:34.179356+00:00 DEBUG 'ansible_navigator.main' Prior to rollback: help_playbook = 'False' (bool/Defaults)
2025-02-13T00:41:34.179369+00:00 DEBUG 'ansible_navigator.main' Prior to rollback: images_details = '['everything']' (list/Defaults)
2025-02-13T00:41:34.179383+00:00 DEBUG 'ansible_navigator.main' Prior to rollback: inventory = 'Not set' (Constants/Not set)
2025-02-13T00:41:34.179397+00:00 DEBUG 'ansible_navigator.main' Prior to rollback: inventory_column = 'Not set' (Constants/Not set)
2025-02-13T00:41:34.179410+00:00 DEBUG 'ansible_navigator.main' Prior to rollback: lint_config = 'Not set' (Constants/Not set)
2025-02-13T00:41:34.179424+00:00 DEBUG 'ansible_navigator.main' Prior to rollback: lintables = 'Not set' (Constants/Not set)
2025-02-13T00:41:34.179437+00:00 DEBUG 'ansible_navigator.main' Prior to rollback: log_append = 'True' (bool/Defaults)
2025-02-13T00:41:34.179450+00:00 DEBUG 'ansible_navigator.main' Prior to rollback: log_file = '/Users/awestlak/Desktop/redhat-ctf/ansible-navigator.log' (str/Defaults)
2025-02-13T00:41:34.179463+00:00 DEBUG 'ansible_navigator.main' Prior to rollback: log_level = 'warning' (str/Defaults)
2025-02-13T00:41:34.179476+00:00 DEBUG 'ansible_navigator.main' Prior to rollback: mode = 'stadout' (str/Command line)
2025-02-13T00:41:34.179488+00:00 DEBUG 'ansible_navigator.main' Prior to rollback: osc4 = 'True' (bool/Defaults)
2025-02-13T00:41:34.179501+00:00 DEBUG 'ansible_navigator.main' Prior to rollback: pass_environment_variable = 'Not set' (Constants/Not set)
2025-02-13T00:41:34.179514+00:00 DEBUG 'ansible_navigator.main' Prior to rollback: playbook = 'playbook.yml' (str/Command line)
2025-02-13T00:41:34.179526+00:00 DEBUG 'ansible_navigator.main' Prior to rollback: playbook_artifact_enable = 'True' (bool/Defaults)
2025-02-13T00:41:34.179539+00:00 DEBUG 'ansible_navigator.main' Prior to rollback: playbook_artifact_replay = 'Not set' (Constants/Not set)
2025-02-13T00:41:34.179553+00:00 DEBUG 'ansible_navigator.main' Prior to rollback: playbook_artifact_save_as = '{playbook_dir}/{playbook_name}-artifact-{time_stamp}.json' (str/Defaults)
2025-02-13T00:41:34.179567+00:00 DEBUG 'ansible_navigator.main' Prior to rollback: plugin_name = 'Not set' (Constants/Not set)
2025-02-13T00:41:34.179580+00:00 DEBUG 'ansible_navigator.main' Prior to rollback: plugin_type = 'module' (str/Defaults)
2025-02-13T00:41:34.179593+00:00 DEBUG 'ansible_navigator.main' Prior to rollback: pull_arguments = 'Not set' (Constants/Not set)
2025-02-13T00:41:34.179606+00:00 DEBUG 'ansible_navigator.main' Prior to rollback: pull_policy = 'tag' (str/Defaults)
2025-02-13T00:41:34.179619+00:00 DEBUG 'ansible_navigator.main' Prior to rollback: set_environment_variable = 'Not set' (Constants/Not set)
2025-02-13T00:41:34.179635+00:00 DEBUG 'ansible_navigator.main' Prior to rollback: settings_effective = 'False' (bool/Defaults)
2025-02-13T00:41:34.179648+00:00 DEBUG 'ansible_navigator.main' Prior to rollback: settings_sample = 'False' (bool/Defaults)
2025-02-13T00:41:34.179660+00:00 DEBUG 'ansible_navigator.main' Prior to rollback: settings_schema = 'json' (str/Defaults)
2025-02-13T00:41:34.179673+00:00 DEBUG 'ansible_navigator.main' Prior to rollback: settings_sources = 'False' (bool/Defaults)
2025-02-13T00:41:34.179686+00:00 DEBUG 'ansible_navigator.main' Prior to rollback: time_zone = 'UTC' (str/Defaults)
2025-02-13T00:41:34.179698+00:00 DEBUG 'ansible_navigator.main' Prior to rollback: workdir = '/Users/awestlak/Desktop/redhat-ctf' (str/Defaults)
2025-02-13T00:41:34.179711+00:00 DEBUG 'ansible_navigator.main' After rollback: ansible_runner_artifact_dir = 'Not set' (Constants/Not set)
2025-02-13T00:41:34.179724+00:00 DEBUG 'ansible_navigator.main' After rollback: ansible_runner_rotate_artifacts_count = 'Not set' (Constants/Not set)
2025-02-13T00:41:34.179736+00:00 DEBUG 'ansible_navigator.main' After rollback: ansible_runner_timeout = 'Not set' (Constants/Not set)
2025-02-13T00:41:34.179748+00:00 DEBUG 'ansible_navigator.main' After rollback: ansible_runner_write_job_events = 'Not set' (Constants/Not set)
2025-02-13T00:41:34.179762+00:00 DEBUG 'ansible_navigator.main' After rollback: app = 'Not set' (Constants/Not set)
2025-02-13T00:41:34.179774+00:00 DEBUG 'ansible_navigator.main' After rollback: cmdline = 'Not set' (Constants/Not set)
2025-02-13T00:41:34.179787+00:00 DEBUG 'ansible_navigator.main' After rollback: collection_doc_cache_path = 'Not set' (Constants/Not set)
2025-02-13T00:41:34.179799+00:00 DEBUG 'ansible_navigator.main' After rollback: config = 'Not set' (Constants/Not set)
2025-02-13T00:41:34.179811+00:00 DEBUG 'ansible_navigator.main' After rollback: container_engine = 'Not set' (Constants/Not set)
2025-02-13T00:41:34.179823+00:00 DEBUG 'ansible_navigator.main' After rollback: container_options = 'Not set' (Constants/Not set)
2025-02-13T00:41:34.179835+00:00 DEBUG 'ansible_navigator.main' After rollback: display_color = 'Not set' (Constants/Not set)
2025-02-13T00:41:34.179847+00:00 DEBUG 'ansible_navigator.main' After rollback: editor_command = 'Not set' (Constants/Not set)
2025-02-13T00:41:34.179859+00:00 DEBUG 'ansible_navigator.main' After rollback: editor_console = 'Not set' (Constants/Not set)
2025-02-13T00:41:34.179871+00:00 DEBUG 'ansible_navigator.main' After rollback: enable_prompts = 'Not set' (Constants/Not set)
2025-02-13T00:41:34.179884+00:00 DEBUG 'ansible_navigator.main' After rollback: exec_command = 'Not set' (Constants/Not set)
2025-02-13T00:41:34.179896+00:00 DEBUG 'ansible_navigator.main' After rollback: exec_shell = 'Not set' (Constants/Not set)
2025-02-13T00:41:34.179908+00:00 DEBUG 'ansible_navigator.main' After rollback: execution_environment = 'Not set' (Constants/Not set)
2025-02-13T00:41:34.179920+00:00 DEBUG 'ansible_navigator.main' After rollback: execution_environment_image = 'Not set' (Constants/Not set)
2025-02-13T00:41:34.179932+00:00 DEBUG 'ansible_navigator.main' After rollback: execution_environment_volume_mounts = 'Not set' (Constants/Not set)
2025-02-13T00:41:34.179944+00:00 DEBUG 'ansible_navigator.main' After rollback: format = 'Not set' (Constants/Not set)
2025-02-13T00:41:34.179956+00:00 DEBUG 'ansible_navigator.main' After rollback: help_builder = 'Not set' (Constants/Not set)
2025-02-13T00:41:34.179968+00:00 DEBUG 'ansible_navigator.main' After rollback: help_config = 'Not set' (Constants/Not set)
2025-02-13T00:41:34.179980+00:00 DEBUG 'ansible_navigator.main' After rollback: help_doc = 'Not set' (Constants/Not set)
2025-02-13T00:41:34.179992+00:00 DEBUG 'ansible_navigator.main' After rollback: help_inventory = 'Not set' (Constants/Not set)
2025-02-13T00:41:34.180004+00:00 DEBUG 'ansible_navigator.main' After rollback: help_playbook = 'Not set' (Constants/Not set)
2025-02-13T00:41:34.180016+00:00 DEBUG 'ansible_navigator.main' After rollback: images_details = 'Not set' (Constants/Not set)
2025-02-13T00:41:34.180031+00:00 DEBUG 'ansible_navigator.main' After rollback: inventory = 'Not set' (Constants/Not set)
2025-02-13T00:41:34.180044+00:00 DEBUG 'ansible_navigator.main' After rollback: inventory_column = 'Not set' (Constants/Not set)
2025-02-13T00:41:34.180056+00:00 DEBUG 'ansible_navigator.main' After rollback: lint_config = 'Not set' (Constants/Not set)
2025-02-13T00:41:34.180068+00:00 DEBUG 'ansible_navigator.main' After rollback: lintables = 'Not set' (Constants/Not set)
2025-02-13T00:41:34.180080+00:00 DEBUG 'ansible_navigator.main' After rollback: log_append = 'Not set' (Constants/Not set)
2025-02-13T00:41:34.180092+00:00 DEBUG 'ansible_navigator.main' After rollback: log_file = 'Not set' (Constants/Not set)
2025-02-13T00:41:34.180104+00:00 DEBUG 'ansible_navigator.main' After rollback: log_level = 'Not set' (Constants/Not set)
2025-02-13T00:41:34.180116+00:00 DEBUG 'ansible_navigator.main' After rollback: mode = 'Not set' (Constants/Not set)
2025-02-13T00:41:34.180128+00:00 DEBUG 'ansible_navigator.main' After rollback: osc4 = 'Not set' (Constants/Not set)
2025-02-13T00:41:34.180140+00:00 DEBUG 'ansible_navigator.main' After rollback: pass_environment_variable = 'Not set' (Constants/Not set)
2025-02-13T00:41:34.180153+00:00 DEBUG 'ansible_navigator.main' After rollback: playbook = 'Not set' (Constants/Not set)
2025-02-13T00:41:34.180165+00:00 DEBUG 'ansible_navigator.main' After rollback: playbook_artifact_enable = 'Not set' (Constants/Not set)
2025-02-13T00:41:34.180177+00:00 DEBUG 'ansible_navigator.main' After rollback: playbook_artifact_replay = 'Not set' (Constants/Not set)
2025-02-13T00:41:34.180189+00:00 DEBUG 'ansible_navigator.main' After rollback: playbook_artifact_save_as = 'Not set' (Constants/Not set)
2025-02-13T00:41:34.180201+00:00 DEBUG 'ansible_navigator.main' After rollback: plugin_name = 'Not set' (Constants/Not set)
2025-02-13T00:41:34.180213+00:00 DEBUG 'ansible_navigator.main' After rollback: plugin_type = 'Not set' (Constants/Not set)
2025-02-13T00:41:34.180225+00:00 DEBUG 'ansible_navigator.main' After rollback: pull_arguments = 'Not set' (Constants/Not set)
2025-02-13T00:41:34.180238+00:00 DEBUG 'ansible_navigator.main' After rollback: pull_policy = 'Not set' (Constants/Not set)
2025-02-13T00:41:34.180250+00:00 DEBUG 'ansible_navigator.main' After rollback: set_environment_variable = 'Not set' (Constants/Not set)
2025-02-13T00:41:34.180262+00:00 DEBUG 'ansible_navigator.main' After rollback: settings_effective = 'Not set' (Constants/Not set)
2025-02-13T00:41:34.180275+00:00 DEBUG 'ansible_navigator.main' After rollback: settings_sample = 'Not set' (Constants/Not set)
2025-02-13T00:41:34.180287+00:00 DEBUG 'ansible_navigator.main' After rollback: settings_schema = 'Not set' (Constants/Not set)
2025-02-13T00:41:34.180299+00:00 DEBUG 'ansible_navigator.main' After rollback: settings_sources = 'Not set' (Constants/Not set)
2025-02-13T00:41:34.180311+00:00 DEBUG 'ansible_navigator.main' After rollback: time_zone = 'Not set' (Constants/Not set)
2025-02-13T00:41:34.180324+00:00 DEBUG 'ansible_navigator.main' After rollback: workdir = 'Not set' (Constants/Not set)
2025-02-13T00:41:34.180336+00:00 DEBUG 'ansible_navigator.main' Configuration rollback complete.
2025-02-13T00:41:34.180348+00:00 DEBUG 'ansible_navigator.main' Collection doc cache not mounted
2025-02-13T00:41:34.180365+00:00 WARNING 'ansible_navigator.main' Issues were found while applying the settings.
2025-02-13T00:41:34.180379+00:00 INFO 'ansible_navigator.main' Command provided: 'run -m stadout playbook.yml'
2025-02-13T00:41:34.180395+00:00 ERROR 'ansible_navigator.main' The setting 'mode' must be one of 'stdout' or 'interactive', but set as 'stadout'. (Command line)
2025-02-13T00:41:34.180409+00:00 INFO 'ansible_navigator.main' Try again with '-m stdout' or '-m interactive'
2025-02-13T00:41:34.180423+00:00 INFO 'ansible_navigator.main' Configuration failed, using default log file location. (/Users/awestlak/Desktop/redhat-ctf/ansible-navigator.log) Log level set to debug
2025-02-13T00:41:34.180441+00:00 INFO 'ansible_navigator.main' Review the hints and log file to see what went wrong.
2025-02-13T00:41:40.522536+00:00 WARNING 'ansible_navigator.image_manager.puller._log_message' Image inspection failed, image assumed to be corrupted or missing
2025-02-13T00:41:40.523402+00:00 WARNING 'ansible_navigator.image_manager.puller._log_message' stdout: []

2025-02-13T00:41:40.523441+00:00 WARNING 'ansible_navigator.image_manager.puller._log_message' stderr: Error: unable to inspect "ghcr.io/ansible/creator-ee:v0.22.0": failed to find image ghcr.io/ansible/creator-ee:v0.22.0: ghcr.io/ansible/creator-ee:v0.22.0: image not known

2025-02-13T00:41:44.611613+00:00 ERROR 'ansible_navigator.image_manager.puller._log_message' Execution environment pull failed
2025-02-13T00:41:48.987881+00:00 CRITICAL 'ansible_navigator.actions.run_playbook._handle_message' Unhandled message from runner queue, discarded: {'event': 'verbose', 'uuid': '77b65563-88b0-418a-9e52-aea08084c020', 'counter': 1, 'stdout': 'Error: initializing source docker://ghcr.io/ansible/creator-ee:v0.22.0: pinging container registry ghcr.io: Get "https://ghcr.io/v2/": dial tcp: lookup ghcr.io: no such host', 'start_line': 0, 'end_line': 1, 'runner_ident': 'e30b8be2-3327-4353-b9a9-3d9d8c4afdfd', 'created': '2025-02-13T00:41:48.982923+00:00'}
2025-02-13T00:41:49.101282+00:00 ERROR 'ansible_navigator.actions.run_playbook.write_artifact' Saving the artifact file failed, resulted in the following error: f[Errno 30] Read-only file system: '/playbook-artifact-2025-02-13T00:41:49.099082+00:00.json'
2025-02-13T00:42:15.104459+00:00 WARNING 'ansible_navigator.image_manager.puller._log_message' Image inspection failed, image assumed to be corrupted or missing
2025-02-13T00:42:15.105476+00:00 WARNING 'ansible_navigator.image_manager.puller._log_message' stdout: []

2025-02-13T00:42:15.105520+00:00 WARNING 'ansible_navigator.image_manager.puller._log_message' stderr: Error: unable to inspect "ghcr.io/ansible/creator-ee:v0.22.0": failed to find image ghcr.io/ansible/creator-ee:v0.22.0: ghcr.io/ansible/creator-ee:v0.22.0: image not known

2025-02-13T00:42:19.219114+00:00 ERROR 'ansible_navigator.image_manager.puller._log_message' Execution environment pull failed
2025-02-13T00:42:23.627744+00:00 CRITICAL 'ansible_navigator.actions.run_playbook._handle_message' Unhandled message from runner queue, discarded: {'event': 'verbose', 'uuid': '5a4259cc-34f0-469f-aa0b-3df6dfa410e8', 'counter': 1, 'stdout': 'Error: initializing source docker://ghcr.io/ansible/creator-ee:v0.22.0: pinging container registry ghcr.io: Get "https://ghcr.io/v2/": dial tcp: lookup ghcr.io: no such host', 'start_line': 0, 'end_line': 1, 'runner_ident': '3b7b8670-9ce1-4724-b0d8-a8138907e03f', 'created': '2025-02-13T00:42:23.617839+00:00'}
2025-02-13T00:42:23.746195+00:00 ERROR 'ansible_navigator.actions.run_playbook.write_artifact' Saving the artifact file failed, resulted in the following error: f[Errno 30] Read-only file system: '/playbook-artifact-2025-02-13T00:42:23.740945+00:00.json'
2025-02-13T00:44:31.083077+00:00 WARNING 'ansible_navigator.image_manager.puller._log_message' Image inspection failed, image assumed to be corrupted or missing
2025-02-13T00:44:31.083897+00:00 WARNING 'ansible_navigator.image_manager.puller._log_message' stdout: []

2025-02-13T00:44:31.083939+00:00 WARNING 'ansible_navigator.image_manager.puller._log_message' stderr: Error: unable to inspect "ghcr.io/ansible/creator-ee:v0.22.0": failed to find image ghcr.io/ansible/creator-ee:v0.22.0: ghcr.io/ansible/creator-ee:v0.22.0: image not known

2025-02-13T00:44:35.174020+00:00 ERROR 'ansible_navigator.image_manager.puller._log_message' Execution environment pull failed
2025-02-13T00:44:39.514575+00:00 CRITICAL 'ansible_navigator.actions.run_playbook._handle_message' Unhandled message from runner queue, discarded: {'event': 'verbose', 'uuid': '10957a68-4c94-4c2e-9ce9-ebd031bedd6f', 'counter': 1, 'stdout': 'Error: initializing source docker://ghcr.io/ansible/creator-ee:v0.22.0: pinging container registry ghcr.io: Get "https://ghcr.io/v2/": dial tcp: lookup ghcr.io: no such host', 'start_line': 0, 'end_line': 1, 'runner_ident': 'b9ac6d22-b015-40fa-bffe-664df3384f33', 'created': '2025-02-13T00:44:39.512948+00:00'}
2025-02-13T00:44:39.637985+00:00 ERROR 'ansible_navigator.actions.run_playbook.write_artifact' Saving the artifact file failed, resulted in the following error: f[Errno 30] Read-only file system: '/playbook-artifact-2025-02-13T00:44:39.636049+00:00.json'
